<?xml version="1.0" encoding="UTF-8"?>
<!-- Generated by org.testng.reporters.JUnitReportReporter -->
<testsuite hostname="DESKTOP-PS0IG1O" failures="0" tests="3" name="mpack.TestNGDemo" time="0.011" errors="0" timestamp="2021-10-26T15:35:00 IST" skipped="0">
  <testcase classname="mpack.TestNGDemo" name="testRegistration" time="0.008"/>
  <system-out/>
  <testcase classname="mpack.TestNGDemo" name="testLogin" time="0.002"/>
  <system-out/>
  <testcase classname="mpack.TestNGDemo" name="testHomePage" time="0.001"/>
  <system-out/>
</testsuite> <!-- mpack.TestNGDemo -->
